<?xml version="1.0" encoding="UTF-8"?>
<!-- Generated by org.testng.reporters.JUnitReportReporter -->
<testsuite hostname="NB-Elena" failures="0" tests="3" name="ru.technoserv.atmaven.tests.SampleTest" time="0.002" errors="0" timestamp="2020-04-11T22:36:47 MSK" skipped="0">
  <testcase classname="ru.technoserv.atmaven.tests.SampleTest" name="compareIntegers" time="0.000"/>
  <system-out/>
  <testcase classname="ru.technoserv.atmaven.tests.SampleTest" name="compareStrings" time="0.001"/>
  <system-out/>
  <testcase classname="ru.technoserv.atmaven.tests.SampleTest" name="compareDouble" time="0.001"/>
  <system-out/>
</testsuite> <!-- ru.technoserv.atmaven.tests.SampleTest -->
