<?xml version="1.0" encoding="UTF-8"?>
<!-- Generated by org.testng.reporters.JUnitReportReporter -->
<testsuite hostname="NB-Elena" failures="0" tests="1" name="ru.technoserv.atmaven.tests.AlertDemoTest" time="0.492" errors="0" timestamp="2020-04-11T22:36:47 MSK" skipped="0">
  <testcase classname="ru.technoserv.atmaven.tests.AlertDemoTest" name="AlertDemo" time="0.492"/>
  <system-out/>
</testsuite> <!-- ru.technoserv.atmaven.tests.AlertDemoTest -->
