<?xml version="1.0" encoding="UTF-8"?>
<!-- Generated by org.testng.reporters.JUnitReportReporter -->
<testsuite hostname="NB-Elena" failures="0" tests="2" name="ru.technoserv.atmaven.tests.FirstE2ETest" time="0.852" errors="0" timestamp="2020-04-11T22:36:47 MSK" skipped="0">
  <testcase classname="ru.technoserv.atmaven.tests.FirstE2ETest" name="verifyHomepageTitle" time="0.082"/>
  <system-out/>
  <testcase classname="ru.technoserv.atmaven.tests.FirstE2ETest" name="verifyMainLabel" time="0.770"/>
  <system-out/>
</testsuite> <!-- ru.technoserv.atmaven.tests.FirstE2ETest -->
